{
  "RSpec": {
    "coverage": {
      "/Users/danieldenhartog/Documents/pairingday2/spec/bike_spec.rb": [
        1,
        1,
        2,
        1,
        1,
        null,
        null
      ],
      "/Users/danieldenhartog/Documents/pairingday2/lib/bike.rb": [
        1,
        null,
        1,
        null,
        null,
        1,
        4,
        null,
        null
      ],
      "/Users/danieldenhartog/Documents/pairingday2/spec/docking_station_spec.rb": [
        1,
        null,
        1,
        null,
        1,
        9,
        null,
        null,
        9,
        1,
        1,
        1,
        1,
        null,
        null,
        1,
        1,
        1,
        null,
        null,
        null,
        1,
        1,
        1,
        1,
        null,
        null,
        1,
        1,
        1,
        1,
        null,
        null,
        1,
        1,
        2,
        null,
        null,
        1,
        1,
        1,
        2,
        null,
        null,
        1,
        1,
        1,
        1,
        1,
        1,
        1,
        null,
        null,
        null,
        1,
        null,
        1,
        1,
        6,
        2,
        null,
        null,
        1,
        1,
        6,
        1,
        null,
        null,
        null,
        null
      ],
      "/Users/danieldenhartog/Documents/pairingday2/lib/docking_station.rb": [
        1,
        null,
        1,
        1,
        1,
        null,
        null,
        1,
        9,
        9,
        9,
        null,
        null,
        1,
        16,
        15,
        15,
        3,
        3,
        null,
        12,
        null,
        null,
        null,
        1,
        3,
        2,
        2,
        4,
        2,
        null,
        1,
        1,
        null,
        null,
        null,
        null,
        1,
        1,
        16,
        null,
        null,
        1,
        3,
        null,
        null,
        null
      ]
    },
    "timestamp": 1536930265
  }
}
